        -:    0:Source:C:/Users/Admin/CLionProjects/2655389/main.cpp
        -:    0:Graph:C:\Users\Admin\CLionProjects\2655389\cmake-build-debug-coverage\CMakeFiles\2655389.dir\main.cpp.gcno
        -:    0:Data:C:\Users\Admin\CLionProjects\2655389\cmake-build-debug-coverage\CMakeFiles\2655389.dir\main.cpp.gcda
        -:    0:Runs:1
        -:    1:#include <iostream>
        -:    2:using namespace std;
        -:    3:#include "Grid.h"
        -:    4:#include "Player.h"
        -:    5:
function main called 1 returned 0% blocks executed 33%
        1:    6:int main() {
        -:    7:
        1:    8:  Player P1("Simon",3,5,8);
        1:    8-block  0
call    0 returned 1
branch  1 taken 1 (fallthrough)
branch  2 taken 0 (throw)
        -:    9:
        1:   10:    P1.addShipToGrid();
        1:   10-block  0
call    0 returned 0
branch  1 taken 0 (fallthrough)
branch  2 taken 0 (throw)
        -:   11:
    #####:   12:    P1.displayGrids();
    %%%%%:   12-block  0
call    0 never executed
branch  1 never executed (fallthrough)
branch  2 never executed (throw)
        -:   13:
    #####:   14:    return 0;
    #####:   15:}
    %%%%%:   15-block  0
call    0 never executed
    $$$$$:   15-block  1
call    1 never executed
