        -:    0:Source:C:/Users/Admin/CLionProjects/2655389/Player.cpp
        -:    0:Graph:C:\Users\Admin\CLionProjects\2655389\cmake-build-debug-coverage\CMakeFiles\2655389.dir\Player.cpp.gcno
        -:    0:Data:C:\Users\Admin\CLionProjects\2655389\cmake-build-debug-coverage\CMakeFiles\2655389.dir\Player.cpp.gcda
        -:    0:Runs:1
        -:    1:#include "Player.h"
        -:    2:#include <iostream>
        -:    3:using namespace std;
        -:    4:#include "Grid.h"
        -:    5:
        -:    6:
        -:    7:
        -:    8:
        -:    9:
function _ZN6PlayerC2EPKcici called 1 returned 100% blocks executed 28%
        1:   10:Player::Player(char const *name,int level, char col, int row) :name(name), defenseGrid(col,row),attackGrid(col,row){
        1:   10-block  0
call    0 returned 1
call    1 returned 1
call    2 returned 1
        -:   11:
        -:   12:
        -:   13:
        1:   14:    switch (level) {
branch  0 taken 0
branch  1 taken 0
branch  2 taken 1
branch  3 taken 0
    #####:   15:        case 1: {
        -:   16:
    #####:   17:            myFleet.push_back(new MonCalamariCruiser());
    %%%%%:   17-block  0
call    0 never executed
branch  1 never executed (fallthrough)
branch  2 never executed (throw)
    %%%%%:   17-block  1
call    3 never executed
branch  4 never executed (fallthrough)
branch  5 never executed (throw)
    %%%%%:   17-block  2
call    6 never executed
branch  7 never executed (fallthrough)
branch  8 never executed (throw)
    $$$$$:   17-block  3
branch  9 never executed (fallthrough)
branch 10 never executed
    $$$$$:   17-block  4
call   11 never executed
    $$$$$:   17-block  5
    #####:   18:            myFleet.push_back(new MonCalamariCruiser());
    %%%%%:   18-block  0
call    0 never executed
branch  1 never executed (fallthrough)
branch  2 never executed (throw)
    %%%%%:   18-block  1
call    3 never executed
branch  4 never executed (fallthrough)
branch  5 never executed (throw)
    %%%%%:   18-block  2
call    6 never executed
branch  7 never executed (fallthrough)
branch  8 never executed (throw)
    $$$$$:   18-block  3
branch  9 never executed (fallthrough)
branch 10 never executed
    $$$$$:   18-block  4
call   11 never executed
    $$$$$:   18-block  5
    #####:   19:            myFleet.push_back(new XWingSquadron());
    %%%%%:   19-block  0
call    0 never executed
branch  1 never executed (fallthrough)
branch  2 never executed (throw)
    %%%%%:   19-block  1
call    3 never executed
branch  4 never executed (fallthrough)
branch  5 never executed (throw)
    %%%%%:   19-block  2
call    6 never executed
branch  7 never executed (fallthrough)
branch  8 never executed (throw)
    $$$$$:   19-block  3
branch  9 never executed (fallthrough)
branch 10 never executed
    $$$$$:   19-block  4
call   11 never executed
    $$$$$:   19-block  5
    #####:   20:            myFleet.push_back(new TIEFighter());
    %%%%%:   20-block  0
call    0 never executed
branch  1 never executed (fallthrough)
branch  2 never executed (throw)
    %%%%%:   20-block  1
call    3 never executed
branch  4 never executed (fallthrough)
branch  5 never executed (throw)
    %%%%%:   20-block  2
call    6 never executed
branch  7 never executed (fallthrough)
branch  8 never executed (throw)
    $$$$$:   20-block  3
branch  9 never executed (fallthrough)
branch 10 never executed
    $$$$$:   20-block  4
call   11 never executed
    $$$$$:   20-block  5
    #####:   21:            myFleet.push_back(new TIEFighter());
    %%%%%:   21-block  0
call    0 never executed
branch  1 never executed (fallthrough)
branch  2 never executed (throw)
    %%%%%:   21-block  1
call    3 never executed
branch  4 never executed (fallthrough)
branch  5 never executed (throw)
    %%%%%:   21-block  2
call    6 never executed
branch  7 never executed (fallthrough)
branch  8 never executed (throw)
    $$$$$:   21-block  3
branch  9 never executed (fallthrough)
branch 10 never executed
    $$$$$:   21-block  4
call   11 never executed
    $$$$$:   21-block  5
    #####:   22:            shipCount = 5;
    #####:   23:            break;
    %%%%%:   23-block  0
        -:   24:        }
        -:   25:
    #####:   26:        case 2: {
        -:   27:
    #####:   28:            for (int i = 0; i < 2; i++) {
    %%%%%:   28-block  0
    %%%%%:   28-block  1
branch  0 never executed
branch  1 never executed (fallthrough)
    #####:   29:                myFleet.push_back(new StarDestroyer());
    %%%%%:   29-block  0
call    0 never executed
branch  1 never executed (fallthrough)
branch  2 never executed (throw)
    %%%%%:   29-block  1
call    3 never executed
branch  4 never executed (fallthrough)
branch  5 never executed (throw)
    %%%%%:   29-block  2
call    6 never executed
branch  7 never executed (fallthrough)
branch  8 never executed (throw)
    %%%%%:   29-block  3
    $$$$$:   29-block  4
branch  9 never executed (fallthrough)
branch 10 never executed
    $$$$$:   29-block  5
call   11 never executed
    $$$$$:   29-block  6
        -:   30:            }
        -:   31:
    #####:   32:            for (int i = 0; i < 2; i++) {
    %%%%%:   32-block  0
    %%%%%:   32-block  1
branch  0 never executed
branch  1 never executed (fallthrough)
    #####:   33:                myFleet.push_back(new MonCalamariCruiser());
    %%%%%:   33-block  0
call    0 never executed
branch  1 never executed (fallthrough)
branch  2 never executed (throw)
    %%%%%:   33-block  1
call    3 never executed
branch  4 never executed (fallthrough)
branch  5 never executed (throw)
    %%%%%:   33-block  2
call    6 never executed
branch  7 never executed (fallthrough)
branch  8 never executed (throw)
    %%%%%:   33-block  3
    $$$$$:   33-block  4
branch  9 never executed (fallthrough)
branch 10 never executed
    $$$$$:   33-block  5
call   11 never executed
    $$$$$:   33-block  6
        -:   34:            }
        -:   35:
    #####:   36:            for (int i = 0; i < 2; i++) {
    %%%%%:   36-block  0
    %%%%%:   36-block  1
branch  0 never executed
branch  1 never executed (fallthrough)
    #####:   37:                myFleet.push_back(new XWingSquadron());
    %%%%%:   37-block  0
call    0 never executed
branch  1 never executed (fallthrough)
branch  2 never executed (throw)
    %%%%%:   37-block  1
call    3 never executed
branch  4 never executed (fallthrough)
branch  5 never executed (throw)
    %%%%%:   37-block  2
call    6 never executed
branch  7 never executed (fallthrough)
branch  8 never executed (throw)
    %%%%%:   37-block  3
    $$$$$:   37-block  4
branch  9 never executed (fallthrough)
branch 10 never executed
    $$$$$:   37-block  5
call   11 never executed
    $$$$$:   37-block  6
        -:   38:            }
        -:   39:
    #####:   40:            for (int i = 0; i < 4; i++) {
    %%%%%:   40-block  0
    %%%%%:   40-block  1
branch  0 never executed
branch  1 never executed (fallthrough)
    #####:   41:                myFleet.push_back(new TIEFighter());
    %%%%%:   41-block  0
call    0 never executed
branch  1 never executed (fallthrough)
branch  2 never executed (throw)
    %%%%%:   41-block  1
call    3 never executed
branch  4 never executed (fallthrough)
branch  5 never executed (throw)
    %%%%%:   41-block  2
call    6 never executed
branch  7 never executed (fallthrough)
branch  8 never executed (throw)
    %%%%%:   41-block  3
    $$$$$:   41-block  4
branch  9 never executed (fallthrough)
branch 10 never executed
    $$$$$:   41-block  5
call   11 never executed
    $$$$$:   41-block  6
        -:   42:            }
        -:   43:
    #####:   44:            shipCount = 10;
    #####:   45:            break;
    %%%%%:   45-block  0
        -:   46:        }
        -:   47:
        1:   48:        case 3: {
        5:   49:            for (int i = 0; i < 4; i++)
        1:   49-block  0
        5:   49-block  1
branch  0 taken 4
branch  1 taken 1 (fallthrough)
        4:   50:                myFleet.push_back(new StarDestroyer());
        4:   50-block  0
call    0 returned 4
branch  1 taken 4 (fallthrough)
branch  2 taken 0 (throw)
        4:   50-block  1
call    3 returned 4
branch  4 taken 4 (fallthrough)
branch  5 taken 0 (throw)
        4:   50-block  2
call    6 returned 4
branch  7 taken 4 (fallthrough)
branch  8 taken 0 (throw)
        4:   50-block  3
    $$$$$:   50-block  4
branch  9 never executed (fallthrough)
branch 10 never executed
    $$$$$:   50-block  5
call   11 never executed
    $$$$$:   50-block  6
        4:   51:            for (int i = 4; i < 7; i++)
        1:   51-block  0
        4:   51-block  1
branch  0 taken 3
branch  1 taken 1 (fallthrough)
        3:   52:                myFleet.push_back(new MonCalamariCruiser());
        3:   52-block  0
call    0 returned 3
branch  1 taken 3 (fallthrough)
branch  2 taken 0 (throw)
        3:   52-block  1
call    3 returned 3
branch  4 taken 3 (fallthrough)
branch  5 taken 0 (throw)
        3:   52-block  2
call    6 returned 3
branch  7 taken 3 (fallthrough)
branch  8 taken 0 (throw)
        3:   52-block  3
    $$$$$:   52-block  4
branch  9 never executed (fallthrough)
branch 10 never executed
    $$$$$:   52-block  5
call   11 never executed
    $$$$$:   52-block  6
        3:   53:            for (int i = 7; i < 9; i++)
        1:   53-block  0
        3:   53-block  1
branch  0 taken 2
branch  1 taken 1 (fallthrough)
        2:   54:                myFleet.push_back(new XWingSquadron());
        2:   54-block  0
call    0 returned 2
branch  1 taken 2 (fallthrough)
branch  2 taken 0 (throw)
        2:   54-block  1
call    3 returned 2
branch  4 taken 2 (fallthrough)
branch  5 taken 0 (throw)
        2:   54-block  2
call    6 returned 2
branch  7 taken 2 (fallthrough)
branch  8 taken 0 (throw)
        2:   54-block  3
    $$$$$:   54-block  4
branch  9 never executed (fallthrough)
branch 10 never executed
    $$$$$:   54-block  5
call   11 never executed
    $$$$$:   54-block  6
        5:   55:            for (int i = 9; i < 13; i++)
        1:   55-block  0
        5:   55-block  1
branch  0 taken 4
branch  1 taken 1 (fallthrough)
        4:   56:                myFleet.push_back(new TIEFighter());
        4:   56-block  0
call    0 returned 4
branch  1 taken 4 (fallthrough)
branch  2 taken 0 (throw)
        4:   56-block  1
call    3 returned 4
branch  4 taken 4 (fallthrough)
branch  5 taken 0 (throw)
        4:   56-block  2
call    6 returned 4
branch  7 taken 4 (fallthrough)
branch  8 taken 0 (throw)
        4:   56-block  3
    $$$$$:   56-block  4
branch  9 never executed (fallthrough)
branch 10 never executed
    $$$$$:   56-block  5
call   11 never executed
    $$$$$:   56-block  6
        -:   57:
        1:   58:            shipCount = 13;
        1:   59:            break;
        1:   59-block  0
        -:   60:        }
        -:   61:
        -:   62:    }
        -:   63:
       14:   64:    for (int i = 0; i < shipCount; i++) {
        1:   64-block  0
       13:   64-block  1
       14:   64-block  2
branch  0 taken 13
branch  1 taken 1 (fallthrough)
       13:   65:        myFleet[i]->setStatus(0);//not active yet, when placed on grid status will change to 0.
       13:   65-block  0
call    0 returned 13
call    1 returned 13
branch  2 taken 13 (fallthrough)
branch  3 taken 0 (throw)
        -:   66:    }
        -:   67:
        1:   68:}
        1:   68-block  0
    $$$$$:   68-block  1
call    0 never executed
        -:   69:
        -:   70:
function _ZN6Player10deployShipEP8Starshipiic called 0 returned 0% blocks executed 0%
    #####:   71:bool Player::deployShip(Starship *ship, int startRow, int startCol, char pattern) {
    #####:   72:    int size = ship->get_size();
    %%%%%:   72-block  0
call    0 never executed
        -:   73:
        -:   74:    // Convert to directionally valid second row/col (just to pass to placement loop)
    #####:   75:    if (!canPlaceShip(startRow, startCol, size, pattern)) {
call    0 never executed
branch  1 never executed (fallthrough)
branch  2 never executed
    #####:   76:        std::cout << "Invalid placement. Ship would go out of bounds or overlap.\n";
    %%%%%:   76-block  0
call    0 never executed
    #####:   77:        return false;
        -:   78:    }
        -:   79:
    #####:   80:    for (int i = 0; i < size; ++i) {
    %%%%%:   80-block  0
    %%%%%:   80-block  1
branch  0 never executed
branch  1 never executed (fallthrough)
    #####:   81:        int row = startRow;
    #####:   82:        int col = startCol;
        -:   83:
    #####:   84:        if (pattern == 'H')
    %%%%%:   84-block  0
branch  0 never executed (fallthrough)
branch  1 never executed
    #####:   85:            col += i;
    %%%%%:   85-block  0
    #####:   86:        else if (pattern == 'V')
    %%%%%:   86-block  0
branch  0 never executed (fallthrough)
branch  1 never executed
    #####:   87:            row += i;
    %%%%%:   87-block  0
    #####:   88:        else if (pattern == 'D') {
    %%%%%:   88-block  0
branch  0 never executed (fallthrough)
branch  1 never executed
    #####:   89:            row += i;
    #####:   90:            col += i;
    %%%%%:   90-block  0
        -:   91:        }
        -:   92:
    #####:   93:        defenseGrid.placeShip(row, col, size);
    %%%%%:   93-block  0
call    0 never executed
        -:   94:
        -:   95:    }
    #####:   96:    ship->setStatus(1);
    %%%%%:   96-block  0
call    0 never executed
    #####:   97:    std::cout << "Ship placed successfully.\n";
call    0 never executed
    #####:   98:    return true;
        -:   99:}
        -:  100:
        -:  101:
        -:  102:
function _ZN6Player13addShipToGridEv called 1 returned 0% blocks executed 21%
        1:  103:void Player::addShipToGrid() {
        1:  104:    int count = 0;
        1:  104-block  0
        -:  105:   do {
        -:  106:       char startRowChar, pattern;
        -:  107:       int startCol;
        -:  108:
        1:  109:       cout << "Enter the pattern of your ships: 'H' for horizontal, 'V' for Vertical and 'D' for Diagonal: " << endl;
        1:  109-block  0
call    0 returned 1
branch  1 taken 1 (fallthrough)
branch  2 taken 0 (throw)
        1:  109-block  1
call    3 returned 1
branch  4 taken 1 (fallthrough)
branch  5 taken 0 (throw)
        1:  110:       cin >> pattern;
        1:  110-block  0
call    0 returned 0
branch  1 taken 0 (fallthrough)
branch  2 taken 0 (throw)
        -:  111:
    #####:  112:       cout << "Enter the start row[character] and column[int] separated by a space to place ship " << count + 1 <<" :" << endl;
    %%%%%:  112-block  0
call    0 never executed
branch  1 never executed (fallthrough)
branch  2 never executed (throw)
    %%%%%:  112-block  1
call    3 never executed
branch  4 never executed (fallthrough)
branch  5 never executed (throw)
    %%%%%:  112-block  2
call    6 never executed
branch  7 never executed (fallthrough)
branch  8 never executed (throw)
    %%%%%:  112-block  3
call    9 never executed
branch 10 never executed (fallthrough)
branch 11 never executed (throw)
    #####:  113:       cin >> startRowChar;
    %%%%%:  113-block  0
call    0 never executed
branch  1 never executed (fallthrough)
branch  2 never executed (throw)
    #####:  114:       cin >> startCol;
    %%%%%:  114-block  0
call    0 never executed
branch  1 never executed (fallthrough)
branch  2 never executed (throw)
        -:  115:
    #####:  116:       int startRow = tolower(startRowChar) - 'a' + 1;
        -:  117:
    #####:  118:       if (myFleet[count]->get_status() == 0)
    %%%%%:  118-block  0
call    0 never executed
call    1 never executed
branch  2 never executed (fallthrough)
branch  3 never executed (throw)
    %%%%%:  118-block  1
branch  4 never executed (fallthrough)
branch  5 never executed
    #####:  119:           if (deployShip(myFleet[count], startRow, startCol, pattern))
    %%%%%:  119-block  0
call    0 never executed
call    1 never executed
branch  2 never executed (fallthrough)
branch  3 never executed (throw)
    %%%%%:  119-block  1
branch  4 never executed (fallthrough)
branch  5 never executed
    #####:  120:               count++;
    %%%%%:  120-block  0
        -:  121:
        -:  122:
    #####:  123:   }while (count != shipCount);
    %%%%%:  123-block  0
branch  0 never executed
branch  1 never executed (fallthrough)
        -:  124:
    #####:  125:    cout << "A total of "<< count << "ships have placed successfully on the grid." << endl;
    %%%%%:  125-block  0
call    0 never executed
call    1 never executed
call    2 never executed
call    3 never executed
    #####:  126:}
        -:  127:
        -:  128:
        -:  129:
function _ZN6Player12canPlaceShipEiiic called 0 returned 0% blocks executed 0%
    #####:  130:bool Player::canPlaceShip(int startRow, int startCol, int size, char pattern) {
    #####:  131:    for (int i = 0; i < size; ++i) {
    %%%%%:  131-block  0
    %%%%%:  131-block  1
    %%%%%:  131-block  2
branch  0 never executed
branch  1 never executed (fallthrough)
    #####:  132:        int row = startRow;
    #####:  133:        int col = startCol;
        -:  134:
    #####:  135:        if (pattern == 'H')
    %%%%%:  135-block  0
branch  0 never executed (fallthrough)
branch  1 never executed
    #####:  136:            col += i;
    %%%%%:  136-block  0
    #####:  137:        else if (pattern == 'V')
    %%%%%:  137-block  0
branch  0 never executed (fallthrough)
branch  1 never executed
    #####:  138:            row += i;
    %%%%%:  138-block  0
    #####:  139:        else if (pattern == 'D') {
    %%%%%:  139-block  0
branch  0 never executed (fallthrough)
branch  1 never executed
    #####:  140:            row += i;
    #####:  141:            col += i;
    %%%%%:  141-block  0
        -:  142:        }
        -:  143:
        -:  144:        // Check if cell is inside the bound of our grid
    #####:  145:        if (!defenseGrid.checkValidity(row, col))
    %%%%%:  145-block  0
call    0 never executed
branch  1 never executed (fallthrough)
branch  2 never executed
    #####:  146:            return false;
    %%%%%:  146-block  0
        -:  147:
        -:  148:        // Check if cell is empty
    #####:  149:        if (!defenseGrid.checkAvailability(row, col))
    %%%%%:  149-block  0
call    0 never executed
branch  1 never executed (fallthrough)
branch  2 never executed
    #####:  150:            return false;
    %%%%%:  150-block  0
        -:  151:    }
    #####:  152:    return true; // All checks passed
    %%%%%:  152-block  0
        -:  153:}
        -:  154:
        -:  155:
        -:  156:
        -:  157:
        -:  158:
function _ZNK6Player12displayGridsEv called 0 returned 0% blocks executed 0%
    #####:  159:void Player::displayGrids() const {
    #####:  160:    defenseGrid.display();
    %%%%%:  160-block  0
call    0 never executed
    #####:  161:}
        -:  162:
        -:  163:
